{"C:\\Users\\jorge.moreno\\Documents\\projects\\nestjs-photo-hexagonal\\src\\photo\\application\\dto\\create-photo.dto.ts": {"path":"C:\\Users\\jorge.moreno\\Documents\\projects\\nestjs-photo-hexagonal\\src\\photo\\application\\dto\\create-photo.dto.ts","statementMap":{"0":{"start":{"line":1,"column":0},"end":{"line":1,"column":13}}},"fnMap":{},"branchMap":{},"s":{"0":1},"f":{},"b":{}}
,"C:\\Users\\jorge.moreno\\Documents\\projects\\nestjs-photo-hexagonal\\src\\photo\\application\\dto\\user-photo.dto.ts": {"path":"C:\\Users\\jorge.moreno\\Documents\\projects\\nestjs-photo-hexagonal\\src\\photo\\application\\dto\\user-photo.dto.ts","statementMap":{"0":{"start":{"line":1,"column":0},"end":{"line":1,"column":13}}},"fnMap":{},"branchMap":{},"s":{"0":1},"f":{},"b":{}}
,"C:\\Users\\jorge.moreno\\Documents\\projects\\nestjs-photo-hexagonal\\src\\photo\\application\\use-cases\\delete-photo.use-case.ts": {"path":"C:\\Users\\jorge.moreno\\Documents\\projects\\nestjs-photo-hexagonal\\src\\photo\\application\\use-cases\\delete-photo.use-case.ts","statementMap":{"0":{"start":{"line":1,"column":0},"end":{"line":1,"column":44}},"1":{"start":{"line":2,"column":0},"end":{"line":2,"column":67}},"2":{"start":{"line":6,"column":7},"end":{"line":12,"column":null}},"3":{"start":{"line":7,"column":33},"end":{"line":7,"column":47}},"4":{"start":{"line":10,"column":8},"end":{"line":10,"column":50}},"5":{"start":{"line":6,"column":13},"end":{"line":6,"column":31}},"6":{"start":{"line":6,"column":13},"end":{"line":12,"column":null}}},"fnMap":{"0":{"name":"(anonymous_2)","decl":{"start":{"line":7,"column":4},"end":{"line":7,"column":33}},"loc":{"start":{"line":7,"column":59},"end":{"line":7,"column":63}}},"1":{"name":"(anonymous_3)","decl":{"start":{"line":9,"column":4},"end":{"line":9,"column":9}},"loc":{"start":{"line":9,"column":40},"end":{"line":11,"column":5}}}},"branchMap":{},"s":{"0":1,"1":1,"2":1,"3":0,"4":0,"5":1,"6":1},"f":{"0":0,"1":0},"b":{}}
,"C:\\Users\\jorge.moreno\\Documents\\projects\\nestjs-photo-hexagonal\\src\\photo\\application\\use-cases\\get-photos.use-case.ts": {"path":"C:\\Users\\jorge.moreno\\Documents\\projects\\nestjs-photo-hexagonal\\src\\photo\\application\\use-cases\\get-photos.use-case.ts","statementMap":{"0":{"start":{"line":1,"column":0},"end":{"line":1,"column":44}},"1":{"start":{"line":2,"column":0},"end":{"line":2,"column":67}},"2":{"start":{"line":6,"column":7},"end":{"line":12,"column":null}},"3":{"start":{"line":7,"column":33},"end":{"line":7,"column":47}},"4":{"start":{"line":10,"column":8},"end":{"line":10,"column":47}},"5":{"start":{"line":6,"column":13},"end":{"line":6,"column":29}},"6":{"start":{"line":6,"column":13},"end":{"line":12,"column":null}}},"fnMap":{"0":{"name":"(anonymous_2)","decl":{"start":{"line":7,"column":4},"end":{"line":7,"column":33}},"loc":{"start":{"line":7,"column":59},"end":{"line":7,"column":63}}},"1":{"name":"(anonymous_3)","decl":{"start":{"line":9,"column":4},"end":{"line":9,"column":9}},"loc":{"start":{"line":9,"column":36},"end":{"line":11,"column":5}}}},"branchMap":{},"s":{"0":1,"1":1,"2":1,"3":0,"4":0,"5":1,"6":1},"f":{"0":0,"1":0},"b":{}}
,"C:\\Users\\jorge.moreno\\Documents\\projects\\nestjs-photo-hexagonal\\src\\photo\\application\\use-cases\\upload-photo.use-case.ts": {"path":"C:\\Users\\jorge.moreno\\Documents\\projects\\nestjs-photo-hexagonal\\src\\photo\\application\\use-cases\\upload-photo.use-case.ts","statementMap":{"0":{"start":{"line":1,"column":0},"end":{"line":1,"column":44}},"1":{"start":{"line":2,"column":0},"end":{"line":2,"column":67}},"2":{"start":{"line":7,"column":7},"end":{"line":13,"column":null}},"3":{"start":{"line":8,"column":33},"end":{"line":8,"column":47}},"4":{"start":{"line":11,"column":8},"end":{"line":11,"column":62}},"5":{"start":{"line":7,"column":13},"end":{"line":7,"column":31}},"6":{"start":{"line":7,"column":13},"end":{"line":13,"column":null}}},"fnMap":{"0":{"name":"(anonymous_2)","decl":{"start":{"line":8,"column":4},"end":{"line":8,"column":33}},"loc":{"start":{"line":8,"column":59},"end":{"line":8,"column":63}}},"1":{"name":"(anonymous_3)","decl":{"start":{"line":10,"column":4},"end":{"line":10,"column":9}},"loc":{"start":{"line":10,"column":68},"end":{"line":12,"column":5}}}},"branchMap":{},"s":{"0":1,"1":1,"2":1,"3":0,"4":0,"5":1,"6":1},"f":{"0":0,"1":0},"b":{}}
,"C:\\Users\\jorge.moreno\\Documents\\projects\\nestjs-photo-hexagonal\\src\\photo\\domain\\entities\\photo.entity.ts": {"path":"C:\\Users\\jorge.moreno\\Documents\\projects\\nestjs-photo-hexagonal\\src\\photo\\domain\\entities\\photo.entity.ts","statementMap":{"0":{"start":{"line":1,"column":0},"end":{"line":1,"column":63}},"1":{"start":{"line":2,"column":0},"end":{"line":2,"column":36}},"2":{"start":{"line":3,"column":0},"end":{"line":3,"column":66}},"3":{"start":{"line":6,"column":7},"end":{"line":18,"column":null}},"4":{"start":{"line":6,"column":13},"end":{"line":6,"column":18}},"5":{"start":{"line":8,"column":4},"end":{"line":8,"column":null}},"6":{"start":{"line":11,"column":4},"end":{"line":11,"column":null}},"7":{"start":{"line":14,"column":4},"end":{"line":14,"column":null}},"8":{"start":{"line":17,"column":4},"end":{"line":17,"column":null}},"9":{"start":{"line":6,"column":13},"end":{"line":18,"column":null}},"10":{"start":{"line":20,"column":13},"end":{"line":20,"column":63}}},"fnMap":{},"branchMap":{},"s":{"0":1,"1":1,"2":1,"3":1,"4":1,"5":1,"6":1,"7":1,"8":1,"9":1,"10":1},"f":{},"b":{}}
,"C:\\Users\\jorge.moreno\\Documents\\projects\\nestjs-photo-hexagonal\\src\\photo\\domain\\services\\photo.service.ts": {"path":"C:\\Users\\jorge.moreno\\Documents\\projects\\nestjs-photo-hexagonal\\src\\photo\\domain\\services\\photo.service.ts","statementMap":{"0":{"start":{"line":1,"column":0},"end":{"line":1,"column":44}},"1":{"start":{"line":2,"column":0},"end":{"line":2,"column":47}},"2":{"start":{"line":3,"column":0},"end":{"line":3,"column":33}},"3":{"start":{"line":4,"column":0},"end":{"line":4,"column":49}},"4":{"start":{"line":9,"column":7},"end":{"line":29,"column":null}},"5":{"start":{"line":11,"column":50},"end":{"line":11,"column":62}},"6":{"start":{"line":15,"column":8},"end":{"line":15,"column":67}},"7":{"start":{"line":19,"column":8},"end":{"line":19,"column":53}},"8":{"start":{"line":23,"column":22},"end":{"line":23,"column":77}},"9":{"start":{"line":24,"column":8},"end":{"line":26,"column":9}},"10":{"start":{"line":25,"column":12},"end":{"line":25,"column":90}},"11":{"start":{"line":27,"column":8},"end":{"line":27,"column":53}},"12":{"start":{"line":9,"column":13},"end":{"line":9,"column":25}},"13":{"start":{"line":9,"column":13},"end":{"line":29,"column":null}}},"fnMap":{"0":{"name":"(anonymous_4)","decl":{"start":{"line":10,"column":4},"end":{"line":10,"column":null}},"loc":{"start":{"line":11,"column":74},"end":{"line":12,"column":8}}},"1":{"name":"(anonymous_5)","decl":{"start":{"line":14,"column":4},"end":{"line":14,"column":9}},"loc":{"start":{"line":14,"column":67},"end":{"line":16,"column":5}}},"2":{"name":"(anonymous_6)","decl":{"start":{"line":18,"column":4},"end":{"line":18,"column":9}},"loc":{"start":{"line":18,"column":36},"end":{"line":20,"column":5}}},"3":{"name":"(anonymous_7)","decl":{"start":{"line":22,"column":4},"end":{"line":22,"column":9}},"loc":{"start":{"line":22,"column":47},"end":{"line":28,"column":5}}}},"branchMap":{"0":{"loc":{"start":{"line":24,"column":8},"end":{"line":26,"column":9}},"type":"if","locations":[{"start":{"line":24,"column":8},"end":{"line":26,"column":9}}]}},"s":{"0":1,"1":1,"2":1,"3":1,"4":1,"5":0,"6":0,"7":0,"8":0,"9":0,"10":0,"11":0,"12":1,"13":1},"f":{"0":0,"1":0,"2":0,"3":0},"b":{"0":[0]}}
,"C:\\Users\\jorge.moreno\\Documents\\projects\\nestjs-photo-hexagonal\\src\\photo\\infrastructure\\adapters\\persistence\\photo.controller.ts": {"path":"C:\\Users\\jorge.moreno\\Documents\\projects\\nestjs-photo-hexagonal\\src\\photo\\infrastructure\\adapters\\persistence\\photo.controller.ts","statementMap":{"0":{"start":{"line":1,"column":0},"end":{"line":1,"column":96}},"1":{"start":{"line":2,"column":0},"end":{"line":2,"column":67}},"2":{"start":{"line":3,"column":0},"end":{"line":3,"column":75}},"3":{"start":{"line":4,"column":0},"end":{"line":4,"column":90}},"4":{"start":{"line":5,"column":0},"end":{"line":5,"column":86}},"5":{"start":{"line":6,"column":0},"end":{"line":6,"column":90}},"6":{"start":{"line":9,"column":7},"end":{"line":42,"column":null}},"7":{"start":{"line":11,"column":25},"end":{"line":11,"column":45}},"8":{"start":{"line":12,"column":25},"end":{"line":12,"column":43}},"9":{"start":{"line":13,"column":25},"end":{"line":13,"column":45}},"10":{"start":{"line":22,"column":21},"end":{"line":22,"column":29}},"11":{"start":{"line":23,"column":8},"end":{"line":23,"column":69}},"12":{"start":{"line":29,"column":21},"end":{"line":29,"column":29}},"13":{"start":{"line":30,"column":8},"end":{"line":30,"column":51}},"14":{"start":{"line":39,"column":21},"end":{"line":39,"column":29}},"15":{"start":{"line":40,"column":8},"end":{"line":40,"column":57}},"16":{"start":{"line":9,"column":13},"end":{"line":9,"column":28}},"17":{"start":{"line":18,"column":10},"end":{"line":24,"column":null}},"18":{"start":{"line":28,"column":10},"end":{"line":31,"column":null}},"19":{"start":{"line":35,"column":10},"end":{"line":41,"column":null}},"20":{"start":{"line":9,"column":13},"end":{"line":42,"column":null}}},"fnMap":{"0":{"name":"(anonymous_4)","decl":{"start":{"line":10,"column":4},"end":{"line":10,"column":null}},"loc":{"start":{"line":13,"column":63},"end":{"line":14,"column":8}}},"1":{"name":"(anonymous_5)","decl":{"start":{"line":18,"column":4},"end":{"line":18,"column":9}},"loc":{"start":{"line":20,"column":27},"end":{"line":24,"column":5}}},"2":{"name":"(anonymous_6)","decl":{"start":{"line":28,"column":4},"end":{"line":28,"column":9}},"loc":{"start":{"line":28,"column":39},"end":{"line":31,"column":5}}},"3":{"name":"(anonymous_7)","decl":{"start":{"line":35,"column":4},"end":{"line":35,"column":9}},"loc":{"start":{"line":37,"column":27},"end":{"line":41,"column":5}}}},"branchMap":{},"s":{"0":1,"1":1,"2":1,"3":1,"4":1,"5":1,"6":1,"7":4,"8":4,"9":4,"10":1,"11":1,"12":1,"13":1,"14":1,"15":1,"16":1,"17":1,"18":1,"19":1,"20":1},"f":{"0":4,"1":1,"2":1,"3":1},"b":{}}
,"C:\\Users\\jorge.moreno\\Documents\\projects\\nestjs-photo-hexagonal\\src\\security\\jwt-auth.guard.ts": {"path":"C:\\Users\\jorge.moreno\\Documents\\projects\\nestjs-photo-hexagonal\\src\\security\\jwt-auth.guard.ts","statementMap":{"0":{"start":{"line":1,"column":0},"end":{"line":1,"column":44}},"1":{"start":{"line":2,"column":0},"end":{"line":2,"column":86}},"2":{"start":{"line":3,"column":0},"end":{"line":3,"column":41}},"3":{"start":{"line":7,"column":7},"end":{"line":34,"column":null}},"4":{"start":{"line":9,"column":25},"end":{"line":9,"column":37}},"5":{"start":{"line":15,"column":24},"end":{"line":15,"column":59}},"6":{"start":{"line":17,"column":27},"end":{"line":17,"column":59}},"7":{"start":{"line":18,"column":8},"end":{"line":20,"column":9}},"8":{"start":{"line":19,"column":12},"end":{"line":19,"column":67}},"9":{"start":{"line":22,"column":22},"end":{"line":22,"column":46}},"10":{"start":{"line":23,"column":8},"end":{"line":25,"column":9}},"11":{"start":{"line":24,"column":12},"end":{"line":24,"column":59}},"12":{"start":{"line":27,"column":8},"end":{"line":32,"column":9}},"13":{"start":{"line":28,"column":12},"end":{"line":28,"column":57}},"14":{"start":{"line":29,"column":12},"end":{"line":29,"column":24}},"15":{"start":{"line":31,"column":12},"end":{"line":31,"column":71}},"16":{"start":{"line":7,"column":13},"end":{"line":7,"column":25}},"17":{"start":{"line":7,"column":13},"end":{"line":34,"column":null}}},"fnMap":{"0":{"name":"(anonymous_2)","decl":{"start":{"line":8,"column":4},"end":{"line":8,"column":null}},"loc":{"start":{"line":9,"column":47},"end":{"line":10,"column":8}}},"1":{"name":"(anonymous_3)","decl":{"start":{"line":12,"column":4},"end":{"line":12,"column":15}},"loc":{"start":{"line":13,"column":33},"end":{"line":33,"column":5}}}},"branchMap":{"0":{"loc":{"start":{"line":18,"column":8},"end":{"line":20,"column":9}},"type":"if","locations":[{"start":{"line":18,"column":8},"end":{"line":20,"column":9}}]},"1":{"loc":{"start":{"line":23,"column":8},"end":{"line":25,"column":9}},"type":"if","locations":[{"start":{"line":23,"column":8},"end":{"line":25,"column":9}}]}},"s":{"0":1,"1":1,"2":1,"3":1,"4":4,"5":0,"6":0,"7":0,"8":0,"9":0,"10":0,"11":0,"12":0,"13":0,"14":0,"15":0,"16":1,"17":1},"f":{"0":4,"1":0},"b":{"0":[0],"1":[0]}}
}
